<?xml version="1.0" encoding="UTF-8"?>
<testng-results skipped="0" failed="0" total="1" passed="1">
  <reporter-output>
  </reporter-output>
  <suite name="Default suite" duration-ms="2928" started-at="2016-06-26T23:37:14Z" finished-at="2016-06-26T23:37:17Z">
    <groups>
    </groups>
    <test name="Default test" duration-ms="2928" started-at="2016-06-26T23:37:14Z" finished-at="2016-06-26T23:37:17Z">
      <class name="ObjectRepository.CalcTest">
        <test-method status="PASS" signature="openbrowser()[pri:0, instance:ObjectRepository.CalcTest@4d15107f]" name="openbrowser" is-config="true" duration-ms="616" started-at="2016-06-26T16:37:14Z" finished-at="2016-06-26T16:37:14Z">
          <reporter-output>
          </reporter-output>
        </test-method> <!-- openbrowser -->
        <test-method status="PASS" signature="Calc_Operations()[pri:0, instance:ObjectRepository.CalcTest@4d15107f]" name="Calc_Operations" duration-ms="1957" started-at="2016-06-26T16:37:14Z" finished-at="2016-06-26T16:37:16Z">
          <reporter-output>
          </reporter-output>
        </test-method> <!-- Calc_Operations -->
        <test-method status="PASS" signature="closebrowser()[pri:0, instance:ObjectRepository.CalcTest@4d15107f]" name="closebrowser" is-config="true" duration-ms="337" started-at="2016-06-26T16:37:16Z" finished-at="2016-06-26T16:37:17Z">
          <reporter-output>
          </reporter-output>
        </test-method> <!-- closebrowser -->
      </class> <!-- ObjectRepository.CalcTest -->
    </test> <!-- Default test -->
  </suite> <!-- Default suite -->
</testng-results>
