<?xml version="1.0" encoding="UTF-8"?>
<!-- Generated by org.testng.reporters.JUnitXMLReporter -->
<testsuite hostname="Virenders-MacBook-Pro.local" name="TestName" tests="12" failures="0" timestamp="26 Aug 2015 07:22:09 GMT" time="0.135" errors="0">
  <testcase name="complexTest001" time="0.047" classname="ComplexFactoryUsage.Test001C"/>
  <testcase name="simpleTest001" time="0.051" classname="SimpleFactoryUsage.Test001"/>
  <testcase name="simpleTest002" time="0.052" classname="SimpleFactoryUsage.Test001"/>
  <testcase name="simpleTest003" time="0.053" classname="SimpleFactoryUsage.Test002"/>
  <testcase name="simpleTest004" time="0.059" classname="SimpleFactoryUsage.Test002"/>
  <testcase name="complexTest003" time="0.008" classname="ComplexFactoryUsage.Test002C"/>
  <testcase name="complexTest004" time="0.008" classname="ComplexFactoryUsage.Test002C"/>
  <testcase name="test001" time="0.001" classname="ParallelWithBaseTest.Test001P"/>
  <testcase name="test002" time="0.01" classname="ParallelWithBaseTest.Test001P"/>
  <testcase name="test004" time="0.002" classname="ParallelWithBaseTest.Test002P"/>
  <testcase name="complexTest002" time="0.026" classname="ComplexFactoryUsage.Test001C"/>
  <testcase name="test003" time="0.009" classname="ParallelWithBaseTest.Test002P"/>
</testsuite> <!-- TestName -->
